loadI  128    =>  r36
loadI  132    =>  r37
loadI  136    =>  r38
loadI  140    =>  r39
loadI  144    =>  r40
loadI  148    =>  r41
loadI  152    =>  r42
loadI  156    =>  r43
loadI  160    =>  r44
loadI  164    =>  r45
loadI  168    =>  r46
loadI  172    =>  r47
loadI  176    =>  r49
loadI  180    =>  r51
loadI  184    =>  r52
loadI  188    =>  r53
loadI  192    =>  r54
loadI  196    =>  r55
loadI  200    =>  r56
loadI  204    =>  r57
load  r57    =>  r3
load  r56    =>  r5
load  r55    =>  r7
load  r54    =>  r9
load  r53    =>  r11
load  r52    =>  r13
load  r51    =>  r50
store  r45    =>  r49
load  r49    =>  r48
load  r47    =>  r15
load  r46    =>  r17
load  r45    =>  r19
load  r44    =>  r21
load  r43    =>  r23
load  r42    =>  r25
load  r41    =>  r27
load  r40    =>  r29
load  r39    =>  r31
load  r38    =>  r33
load  r37    =>  r35
load  r36    =>  r34
add  r34, r35    =>  r32
add  r32, r33    =>  r30
add  r30, r31    =>  r28
add  r28, r29    =>  r26
add  r26, r27    =>  r24
add  r24, r25    =>  r22
add  r22, r23    =>  r20
add  r20, r21    =>  r18
add  r18, r19    =>  r16
add  r16, r17    =>  r14
add  r14, r15    =>  r12
add  r12, r13    =>  r10
add  r10, r11    =>  r8
add  r8, r9    =>  r6
add  r6, r7    =>  r4
add  r4, r5    =>  r2
add  r2, r3    =>  r0
loadI  1024    =>  r1
store  r0    =>  r1
output  1024
output  176
