Auto-grader Configuration:
  blocks found in :	auto_grade/blocks/
=======================================================================
Testing submission: xm14.tar
Name: Xueyan Mu, NetId: xm14 	Date From Files: 2022-09-08

--- built front end and should be ready to run ---
 
Testing Correctness

	parse.i 	0 correct lines identified as errors
			5 errors found, 5 expected
	report1.i 	0 correct lines identified as errors
			0 errors found, 0 expected
	report2.i 	0 correct lines identified as errors
			0 errors found, 0 expected
	report3.i 	0 correct lines identified as errors
			0 errors found, 0 expected
	scanner.i 	0 correct lines identified as errors
			1 errors found, 2 expected
	-------------------------
	0 correct lines identified as errors
	1 lines with errors missed

Testing Conformance	(If we got this far, the tar file worked.)

	Found message, but ERROR was not in uppercase (1)
	Produced 'ERROR' message on missing or bad file name
	Help message check found all options

Testing Scalability:

	T8k.i:  	0.028191 seconds
	T16k.i:  	0.027392 seconds
	T32k.i:  	0.02762 seconds
	T64k.i:  	0.028184 seconds
	T128k.i:  	0.028636 seconds

	The code may not work; 3 codes showed no growth

	Scaling appears to be linear

Scoring:
	Conformance:	87.5%
	Correctness:	86%
	Scalability:	100%
	Total Points:	88.625

finished testing submission xm14.tar
=======================================================================
 
Grading run complete.
